============================================================
  Generated by:           Genus(TM) Synthesis Solution 21.14-s082_1
  Generated on:           Apr 06 2026  12:42:29 am
  Module:                 csa_kogge_16bit
  Operating conditions:   slow (balanced_tree)
  Wireload mode:          enclosed
  Area mode:              timing library
============================================================


Path 1: MET (0 ps) Late External Delay Assertion at pin final_sum[16]
          Group: vclk
     Startpoint: (R) b[1]
          Clock: (R) vclk
       Endpoint: (F) final_sum[16]
          Clock: (R) vclk

                     Capture       Launch     
        Clock Edge:+    3000            0     
        Drv Adjust:+       0            0     
       Src Latency:+       0            0     
       Net Latency:+       0 (I)        0 (I) 
           Arrival:=    3000            0     
                                              
      Output Delay:-     100                  
     Required Time:=    2900                  
      Launch Clock:-       0                  
       Input Delay:-     100                  
         Data Path:-    2800                  
             Slack:=       0                  

Exceptions/Constraints:
  input_delay              100             new.sdc_line_13_30_1 
  output_delay             100             new.sdc_line_17_47_1 

#----------------------------------------------------------------------------------------
# Timing Point   Flags    Arc   Edge   Cell     Fanout Load Trans Delay Arrival Instance 
#                                                      (fF)  (ps)  (ps)   (ps)  Location 
#----------------------------------------------------------------------------------------
  b[1]           -       -      R     (arrival)      4 15.1     0     0     100    (-,-) 
  g2504/Y        -       A->Y   F     CLKINVX2       1  5.2    22    21     121    (-,-) 
  g2497__1881/Y  -       A1->Y  R     AOI22X2        1  3.6    82    83     204    (-,-) 
  g2512/Y        -       B->Y   F     CLKXOR2X1      2  8.1    97   230     434    (-,-) 
  g2464__1617/Y  -       B->Y   R     NOR2BX2        3  6.2    82    85     519    (-,-) 
  g2443__2398/Y  -       A1N->Y R     OAI2BB1X1      2  6.5    86   171     690    (-,-) 
  g2442__5477/Y  -       B->Y   F     NAND2X1        1  2.7    67    69     759    (-,-) 
  g2440__7410/Y  -       B0->Y  R     OAI2BB1X1      2  4.6    72    67     826    (-,-) 
  g2437__1666/Y  -       A1->Y  F     AOI21X1        2  6.4   126   113     938    (-,-) 
  g2435__2883/Y  -       A1->Y  R     OAI21X1        2  4.6   124   127    1066    (-,-) 
  g2432__9315/Y  -       A1->Y  F     AOI21X1        2  4.4   109   108    1174    (-,-) 
  g2431/Y        -       A->Y   R     CLKINVX1       2  4.4    62    71    1245    (-,-) 
  g2429__4733/Y  -       A1->Y  F     AOI22X1        2  4.4   120   107    1351    (-,-) 
  g2428/Y        -       A->Y   R     CLKINVX1       2  4.4    65    73    1425    (-,-) 
  g2426__5115/Y  -       A1->Y  F     AOI22X1        2  4.4   120   108    1532    (-,-) 
  g2425/Y        -       A->Y   R     CLKINVX1       2  4.4    65    73    1606    (-,-) 
  g2423__6131/Y  -       A1->Y  F     AOI22X1        2  4.4   120   108    1713    (-,-) 
  g2422/Y        -       A->Y   R     CLKINVX1       2  4.4    65    73    1787    (-,-) 
  g2420__8246/Y  -       A1->Y  F     AOI22X1        2  4.4   120   108    1894    (-,-) 
  g2419/Y        -       A->Y   R     CLKINVX1       2  4.4    65    73    1968    (-,-) 
  g2417__1705/Y  -       A1->Y  F     AOI22X1        2  4.4   120   108    2075    (-,-) 
  g2416/Y        -       A->Y   R     CLKINVX1       2  4.4    65    73    2149    (-,-) 
  g2414__1617/Y  -       A1->Y  F     AOI22X1        2  4.4   120   108    2256    (-,-) 
  g2413/Y        -       A->Y   R     CLKINVX1       2  4.4    65    73    2330    (-,-) 
  g2411__5526/Y  -       A1->Y  F     AOI22X1        2  4.4   120   108    2437    (-,-) 
  g2410/Y        -       A->Y   R     CLKINVX1       2  6.8    81    89    2526    (-,-) 
  g2408__8428/Y  -       A1->Y  F     AOI22X2        2  6.4   110    99    2625    (-,-) 
  g2406__6260/Y  -       A1->Y  R     OAI21X1        1  4.4   119   120    2746    (-,-) 
  g2405__2398/S  -       B->S   F     ADDHXL         1  0.0    32   154    2900    (-,-) 
  final_sum[16]  <<<     -      F     (port)         -    -     -     0    2900    (-,-) 
#----------------------------------------------------------------------------------------

