============================================================
  Generated by:           Genus(TM) Synthesis Solution 21.14-s082_1
  Generated on:           Apr 06 2026  12:42:29 am
  Module:                 csa_kogge_16bit
  Operating conditions:   slow (balanced_tree)
  Wireload mode:          enclosed
  Area mode:              timing library
============================================================

                              
   Gate    Instances   Area   Library 
--------------------------------------
ADDFX1             2   39.359    slow 
ADDFXL            13  255.832    slow 
ADDHX1             2   24.221    slow 
ADDHXL             1   12.110    slow 
AOI21X1            2    9.083    slow 
AOI22X1            7   42.386    slow 
AOI22X2            2   19.679    slow 
CLKINVX1          11   24.978    slow 
CLKINVX2           2    7.569    slow 
CLKXOR2X1         13  108.237    slow 
MXI2XL            10   60.552    slow 
NAND2X1            1    3.784    slow 
NAND2XL            2    6.055    slow 
NOR2BX2            1    6.812    slow 
OAI21X1            4   18.166    slow 
OAI2BB1X1          3   15.895    slow 
XOR2XL             5   41.630    slow 
--------------------------------------
total             81  696.348         


                                        
     Type      Instances   Area  Area % 
----------------------------------------
inverter              13  32.547    4.7 
logic                 68 663.801   95.3 
physical_cells         0   0.000    0.0 
----------------------------------------
total                 81 696.348  100.0 

