============================================================
  Generated by:           Genus(TM) Synthesis Solution 21.14-s082_1
  Generated on:           Apr 06 2026  12:34:02 am
  Module:                 csa_kogge_16bit
  Operating conditions:   slow (balanced_tree)
  Wireload mode:          enclosed
  Area mode:              timing library
============================================================


Path 1: MET (2764 ps) Late External Delay Assertion at pin final_sum[16]
          Group: vclk
     Startpoint: (F) b[2]
          Clock: (R) vclk
       Endpoint: (R) final_sum[16]
          Clock: (R) vclk

                     Capture       Launch     
        Clock Edge:+   10000            0     
        Drv Adjust:+       0            0     
       Src Latency:+       0            0     
       Net Latency:+       0 (I)        0 (I) 
           Arrival:=   10000            0     
                                              
      Output Delay:-    2000                  
     Required Time:=    8000                  
      Launch Clock:-       0                  
       Input Delay:-    2000                  
         Data Path:-    3236                  
             Slack:=    2764                  

Exceptions/Constraints:
  input_delay              2000            constrain.sdc_line_12_29_1 
  output_delay             2000            constrain.sdc_line_16_47_1 

#---------------------------------------------------------------------------------------
# Timing Point   Flags   Arc   Edge   Cell     Fanout Load Trans Delay Arrival Instance 
#                                                     (fF)  (ps)  (ps)   (ps)  Location 
#---------------------------------------------------------------------------------------
  b[2]           -       -     F     (arrival)      1  6.2     0     0    2000    (-,-) 
  g2552__9315/S  -       B->S  R     ADDFXL         2  6.4   142   386    2386    (-,-) 
  g2522__6260/Y  -       B->Y  F     CLKXOR2X1      2  6.5    87   230    2616    (-,-) 
  g2517__2398/Y  -       A1->Y R     AOI22X1        2  4.4   129   131    2748    (-,-) 
  g2516/Y        -       A->Y  F     CLKINVX1       2  4.4    64    61    2809    (-,-) 
  g2514__6417/Y  -       A1->Y R     AOI22X1        2  4.4   129   125    2934    (-,-) 
  g2513/Y        -       A->Y  F     CLKINVX1       2  4.4    64    61    2995    (-,-) 
  g2511__1666/Y  -       A1->Y R     AOI22X1        2  4.4   129   125    3120    (-,-) 
  g2510/Y        -       A->Y  F     CLKINVX1       2  4.4    64    61    3181    (-,-) 
  g2508__2883/Y  -       A1->Y R     AOI22X1        2  4.4   129   125    3306    (-,-) 
  g2507/Y        -       A->Y  F     CLKINVX1       2  4.4    64    61    3367    (-,-) 
  g2505__9315/Y  -       A1->Y R     AOI22X1        2  4.4   129   125    3492    (-,-) 
  g2504/Y        -       A->Y  F     CLKINVX1       2  4.4    64    61    3553    (-,-) 
  g2502__4733/Y  -       A1->Y R     AOI22X1        2  4.4   129   125    3678    (-,-) 
  g2501/Y        -       A->Y  F     CLKINVX1       2  4.4    64    61    3739    (-,-) 
  g2499__1881/Y  -       A1->Y R     AOI22X1        2  4.4   129   125    3864    (-,-) 
  g2498/Y        -       A->Y  F     CLKINVX1       2  4.4    64    61    3925    (-,-) 
  g2496__7098/Y  -       A1->Y R     AOI22X1        2  4.4   129   125    4050    (-,-) 
  g2495/Y        -       A->Y  F     CLKINVX1       2  4.4    64    61    4111    (-,-) 
  g2493__5122/Y  -       A1->Y R     AOI22X1        2  4.4   129   125    4236    (-,-) 
  g2492/Y        -       A->Y  F     CLKINVX1       2  4.4    64    61    4297    (-,-) 
  g2490__2802/Y  -       A1->Y R     AOI22X1        2  4.4   129   125    4422    (-,-) 
  g2489/Y        -       A->Y  F     CLKINVX1       2  4.4    64    61    4483    (-,-) 
  g2487__3680/Y  -       A1->Y R     AOI22X1        2  4.4   129   125    4608    (-,-) 
  g2486/Y        -       A->Y  F     CLKINVX1       2  4.4    64    61    4669    (-,-) 
  g2484__5526/Y  -       A1->Y R     AOI22X1        2  4.4   129   125    4794    (-,-) 
  g2483/Y        -       A->Y  F     CLKINVX1       2  4.4    64    61    4855    (-,-) 
  g2481__4319/Y  -       A1->Y R     AOI22X1        2  6.4   159   147    5002    (-,-) 
  g2479__5107/Y  -       A1->Y F     OAI21X1        1  4.4    96   104    5106    (-,-) 
  g2478__2398/S  -       B->S  R     ADDHXL         1  0.0    30   130    5236    (-,-) 
  final_sum[16]  <<<     -     R     (port)         -    -     -     0    5236    (-,-) 
#---------------------------------------------------------------------------------------

