============================================================
  Generated by:           Genus(TM) Synthesis Solution 21.14-s082_1
  Generated on:           Apr 06 2026  12:34:02 am
  Module:                 csa_kogge_16bit
  Operating conditions:   slow (balanced_tree)
  Wireload mode:          enclosed
  Area mode:              timing library
============================================================

                              
   Gate    Instances   Area   Library 
--------------------------------------
ADDFX1             1   19.679    slow 
ADDFXL            15  295.191    slow 
ADDHXL             1   12.110    slow 
AOI22X1           13   78.718    slow 
CLKINVX1          14   31.790    slow 
CLKXOR2X1         14  116.563    slow 
MXI2XL            14   84.773    slow 
NAND2XL            2    6.055    slow 
OAI21X1            1    4.541    slow 
XOR2XL             1    8.326    slow 
--------------------------------------
total             76  657.746         


                                        
     Type      Instances   Area  Area % 
----------------------------------------
inverter              14  31.790    4.8 
logic                 62 625.956   95.2 
physical_cells         0   0.000    0.0 
----------------------------------------
total                 76 657.746  100.0 

